# JRE version: Java(TM) SE Runtime Environment (8.0_144-b01) (build 1.8.0_144-b01)
# Java VM: Java HotSpot(TM) 64-Bit Server VM (25.144-b01 mixed mode windows-amd64 compressed oops)
Heap:
 PSYoungGen      total 257024K, used 84569K [0x00000000d6400000, 0x00000000e6c80000, 0x0000000100000000)
  eden space 243200K, 34% used [0x00000000d6400000,0x00000000db696728,0x00000000e5180000)
  from space 13824K, 0% used [0x00000000e5f00000,0x00000000e5f00000,0x00000000e6c80000)
  to   space 13824K, 0% used [0x00000000e5180000,0x00000000e5180000,0x00000000e5f00000)
 ParOldGen       total 81408K, used 18787K [0x0000000082c00000, 0x0000000087b80000, 0x00000000d6400000)
  object space 81408K, 23% used [0x0000000082c00000,0x0000000083e58e50,0x0000000087b80000)
 Metaspace       used 45058K, capacity 47352K, committed 47488K, reserved 1091584K
  class space    used 5816K, capacity 6266K, committed 6272K, reserved 1048576K
GC Heap History (10 events):
Event: 563.812 GC heap before
{Heap before GC invocations=12 (full 2):
 PSYoungGen      total 205312K, used 51433K [0x00000000d6400000, 0x00000000e4700000, 0x0000000100000000)
  eden space 190464K, 22% used [0x00000000d6400000,0x00000000d8e5a478,0x00000000e1e00000)
  from space 14848K, 54% used [0x00000000e1e00000,0x00000000e25dfff0,0x00000000e2c80000)
  to   space 14336K, 0% used [0x00000000e3900000,0x00000000e3900000,0x00000000e4700000)
 ParOldGen       total 81408K, used 19510K [0x0000000082c00000, 0x0000000087b80000, 0x00000000d6400000)
  object space 81408K, 23% used [0x0000000082c00000,0x0000000083f0d8a8,0x0000000087b80000)
 Metaspace       used 44512K, capacity 46616K, committed 46976K, reserved 1089536K
  class space    used 5765K, capacity 6167K, committed 6272K, reserved 1048576K
Event: 563.816 GC heap after
Heap after GC invocations=12 (full 2):
 PSYoungGen      total 218112K, used 6908K [0x00000000d6400000, 0x00000000e4700000, 0x0000000100000000)
  eden space 203776K, 0% used [0x00000000d6400000,0x00000000d6400000,0x00000000e2b00000)
  from space 14336K, 48% used [0x00000000e3900000,0x00000000e3fbf198,0x00000000e4700000)
  to   space 14336K, 0% used [0x00000000e2b00000,0x00000000e2b00000,0x00000000e3900000)
 ParOldGen       total 81408K, used 19518K [0x0000000082c00000, 0x0000000087b80000, 0x00000000d6400000)
  object space 81408K, 23% used [0x0000000082c00000,0x0000000083f0f8a8,0x0000000087b80000)
 Metaspace       used 44512K, capacity 46616K, committed 46976K, reserved 1089536K
  class space    used 5765K, capacity 6167K, committed 6272K, reserved 1048576K
}
Event: 563.816 GC heap before
{Heap before GC invocations=13 (full 3):
 PSYoungGen      total 218112K, used 6908K [0x00000000d6400000, 0x00000000e4700000, 0x0000000100000000)
  eden space 203776K, 0% used [0x00000000d6400000,0x00000000d6400000,0x00000000e2b00000)
  from space 14336K, 48% used [0x00000000e3900000,0x00000000e3fbf198,0x00000000e4700000)
  to   space 14336K, 0% used [0x00000000e2b00000,0x00000000e2b00000,0x00000000e3900000)
 ParOldGen       total 81408K, used 19518K [0x0000000082c00000, 0x0000000087b80000, 0x00000000d6400000)
  object space 81408K, 23% used [0x0000000082c00000,0x0000000083f0f8a8,0x0000000087b80000)
 Metaspace       used 44512K, capacity 46616K, committed 46976K, reserved 1089536K
  class space    used 5765K, capacity 6167K, committed 6272K, reserved 1048576K
Event: 563.892 GC heap after
Heap after GC invocations=13 (full 3):
 PSYoungGen      total 218112K, used 0K [0x00000000d6400000, 0x00000000e4700000, 0x0000000100000000)
  eden space 203776K, 0% used [0x00000000d6400000,0x00000000d6400000,0x00000000e2b00000)
  from space 14336K, 0% used [0x00000000e3900000,0x00000000e3900000,0x00000000e4700000)
  to   space 14336K, 0% used [0x00000000e2b00000,0x00000000e2b00000,0x00000000e3900000)
 ParOldGen       total 81408K, used 18559K [0x0000000082c00000, 0x0000000087b80000, 0x00000000d6400000)
  object space 81408K, 22% used [0x0000000082c00000,0x0000000083e1fe20,0x0000000087b80000)
 Metaspace       used 44512K, capacity 46616K, committed 46976K, reserved 1089536K
  class space    used 5765K, capacity 6167K, committed 6272K, reserved 1048576K
}
Event: 866.917 GC heap before
{Heap before GC invocations=14 (full 3):
 PSYoungGen      total 218112K, used 203776K [0x00000000d6400000, 0x00000000e4700000, 0x0000000100000000)
  eden space 203776K, 100% used [0x00000000d6400000,0x00000000e2b00000,0x00000000e2b00000)
  from space 14336K, 0% used [0x00000000e3900000,0x00000000e3900000,0x00000000e4700000)
  to   space 14336K, 0% used [0x00000000e2b00000,0x00000000e2b00000,0x00000000e3900000)
 ParOldGen       total 81408K, used 18559K [0x0000000082c00000, 0x0000000087b80000, 0x00000000d6400000)
  object space 81408K, 22% used [0x0000000082c00000,0x0000000083e1fe20,0x0000000087b80000)
 Metaspace       used 44830K, capacity 46988K, committed 47232K, reserved 1089536K
  class space    used 5792K, capacity 6217K, committed 6272K, reserved 1048576K
Event: 866.922 GC heap after
Heap after GC invocations=14 (full 3):
 PSYoungGen      total 218112K, used 7115K [0x00000000d6400000, 0x00000000e6c80000, 0x0000000100000000)
  eden space 203776K, 0% used [0x00000000d6400000,0x00000000d6400000,0x00000000e2b00000)
  from space 14336K, 49% used [0x00000000e2b00000,0x00000000e31f2ed0,0x00000000e3900000)
  to   space 13824K, 0% used [0x00000000e5f00000,0x00000000e5f00000,0x00000000e6c80000)
 ParOldGen       total 81408K, used 18567K [0x0000000082c00000, 0x0000000087b80000, 0x00000000d6400000)
  object space 81408K, 22% used [0x0000000082c00000,0x0000000083e21e20,0x0000000087b80000)
 Metaspace       used 44830K, capacity 46988K, committed 47232K, reserved 1089536K
  class space    used 5792K, capacity 6217K, committed 6272K, reserved 1048576K
}
Event: 970.801 GC heap before
{Heap before GC invocations=15 (full 3):
 PSYoungGen      total 218112K, used 47991K [0x00000000d6400000, 0x00000000e6c80000, 0x0000000100000000)
  eden space 203776K, 20% used [0x00000000d6400000,0x00000000d8bead60,0x00000000e2b00000)
  from space 14336K, 49% used [0x00000000e2b00000,0x00000000e31f2ed0,0x00000000e3900000)
  to   space 13824K, 0% used [0x00000000e5f00000,0x00000000e5f00000,0x00000000e6c80000)
 ParOldGen       total 81408K, used 18567K [0x0000000082c00000, 0x0000000087b80000, 0x00000000d6400000)
  object space 81408K, 22% used [0x0000000082c00000,0x0000000083e21e20,0x0000000087b80000)
 Metaspace       used 44842K, capacity 47000K, committed 47232K, reserved 1089536K
  class space    used 5794K, capacity 6220K, committed 6272K, reserved 1048576K
Event: 970.804 GC heap after
Heap after GC invocations=15 (full 3):
 PSYoungGen      total 257024K, used 4448K [0x00000000d6400000, 0x00000000e6c80000, 0x0000000100000000)
  eden space 243200K, 0% used [0x00000000d6400000,0x00000000d6400000,0x00000000e5180000)
  from space 13824K, 32% used [0x00000000e5f00000,0x00000000e63580a0,0x00000000e6c80000)
  to   space 13824K, 0% used [0x00000000e5180000,0x00000000e5180000,0x00000000e5f00000)
 ParOldGen       total 81408K, used 18575K [0x0000000082c00000, 0x0000000087b80000, 0x00000000d6400000)
  object space 81408K, 22% used [0x0000000082c00000,0x0000000083e23e20,0x0000000087b80000)
 Metaspace       used 44842K, capacity 47000K, committed 47232K, reserved 1089536K
  class space    used 5794K, capacity 6220K, committed 6272K, reserved 1048576K
}
Event: 970.804 GC heap before
{Heap before GC invocations=16 (full 4):
 PSYoungGen      total 257024K, used 4448K [0x00000000d6400000, 0x00000000e6c80000, 0x0000000100000000)
  eden space 243200K, 0% used [0x00000000d6400000,0x00000000d6400000,0x00000000e5180000)
  from space 13824K, 32% used [0x00000000e5f00000,0x00000000e63580a0,0x00000000e6c80000)
  to   space 13824K, 0% used [0x00000000e5180000,0x00000000e5180000,0x00000000e5f00000)
 ParOldGen       total 81408K, used 18575K [0x0000000082c00000, 0x0000000087b80000, 0x00000000d6400000)
  object space 81408K, 22% used [0x0000000082c00000,0x0000000083e23e20,0x0000000087b80000)
 Metaspace       used 44842K, capacity 47000K, committed 47232K, reserved 1089536K
  class space    used 5794K, capacity 6220K, committed 6272K, reserved 1048576K
Event: 970.906 GC heap after
Heap after GC invocations=16 (full 4):
 PSYoungGen      total 257024K, used 0K [0x00000000d6400000, 0x00000000e6c80000, 0x0000000100000000)
  eden space 243200K, 0% used [0x00000000d6400000,0x00000000d6400000,0x00000000e5180000)
  from space 13824K, 0% used [0x00000000e5f00000,0x00000000e5f00000,0x00000000e6c80000)
  to   space 13824K, 0% used [0x00000000e5180000,0x00000000e5180000,0x00000000e5f00000)
 ParOldGen       total 81408K, used 18787K [0x0000000082c00000, 0x0000000087b80000, 0x00000000d6400000)
  object space 81408K, 23% used [0x0000000082c00000,0x0000000083e58e50,0x0000000087b80000)
 Metaspace       used 44842K, capacity 47000K, committed 47232K, reserved 1089536K
  class space    used 5794K, capacity 6220K, committed 6272K, reserved 1048576K
}

